<?xml version="1.0" encoding="UTF-8"?>
<!-- Generated by org.testng.reporters.JUnitReportReporter -->
<testsuite hostname="DESKTOP-OEB471V" failures="0" tests="1" name="pojo.postwithPOJO" time="1.724" errors="0" timestamp="2024-03-21T15:34:01 IST" skipped="0">
  <testcase classname="pojo.postwithPOJO" name="postWithPOJO" time="1.724"/>
</testsuite> <!-- pojo.postwithPOJO -->
