<?xml version="1.0" encoding="UTF-8"?>
<!-- Generated by org.testng.reporters.JUnitReportReporter -->
<testsuite hostname="DESKTOP-OEB471V" failures="0" tests="1" name="reqresREST.get" time="5.315" errors="0" timestamp="2024-03-21T15:02:07 IST" skipped="0">
  <testcase classname="reqresREST.get" name="getUsers" time="5.315"/>
</testsuite> <!-- reqresREST.get -->
