<?xml version="1.0" encoding="UTF-8"?>
<!-- Generated by org.testng.reporters.JUnitReportReporter -->
<testsuite hostname="DESKTOP-OEB471V" failures="0" tests="1" name="reqresREST.post" time="3.070" errors="0" timestamp="2024-03-21T21:10:08 IST" skipped="0">
  <testcase classname="reqresREST.post" name="createUser" time="3.070"/>
</testsuite> <!-- reqresREST.post -->
