<?xml version="1.0" encoding="UTF-8"?>
<!-- Generated by org.testng.reporters.JUnitReportReporter -->
<testsuite hostname="DESKTOP-OEB471V" failures="0" tests="1" name="withBDD.DeleteProject" time="1.461" errors="0" timestamp="2024-03-21T12:57:30 IST" skipped="0">
  <testcase classname="withBDD.DeleteProject" name="deleteProj" time="1.461"/>
</testsuite> <!-- withBDD.DeleteProject -->
