<?xml version="1.0" encoding="UTF-8"?>
<!-- Generated by org.testng.reporters.JUnitReportReporter -->
<testsuite hostname="DESKTOP-OEB471V" failures="0" tests="1" name="parameters.RequestChaining" time="1.909" errors="0" timestamp="2024-03-22T10:41:30 IST" skipped="0">
  <testcase classname="parameters.RequestChaining" name="CreateProjectGetProject" time="1.909"/>
</testsuite> <!-- parameters.RequestChaining -->
