<?xml version="1.0" encoding="UTF-8"?>
<!-- Generated by org.testng.reporters.JUnitReportReporter -->
<testsuite hostname="DESKTOP-OEB471V" failures="0" tests="1" name="crudWithoutBDD.UpdateProject" time="1.732" errors="0" timestamp="2024-03-21T11:24:40 IST" skipped="0">
  <testcase classname="crudWithoutBDD.UpdateProject" name="updateProject" time="1.732"/>
</testsuite> <!-- crudWithoutBDD.UpdateProject -->
