<?xml version="1.0" encoding="UTF-8"?>
<!-- Generated by org.testng.reporters.JUnitReportReporter -->
<testsuite hostname="DESKTOP-OEB471V" failures="0" tests="1" name="reqresREST.withBDD" time="1.940" errors="0" timestamp="2024-03-21T21:47:29 IST" skipped="0">
  <testcase classname="reqresREST.withBDD" name="deleteUser" time="1.940"/>
</testsuite> <!-- reqresREST.withBDD -->
