<?xml version="1.0" encoding="UTF-8"?>
<!-- Generated by org.testng.reporters.JUnitReportReporter -->
<testsuite hostname="DESKTOP-OEB471V" failures="0" tests="1" name="reqresREST.getAllUser" time="1.974" errors="0" timestamp="2024-03-21T15:14:44 IST" skipped="0">
  <testcase classname="reqresREST.getAllUser" name="getUsers" time="1.974"/>
</testsuite> <!-- reqresREST.getAllUser -->
