<?xml version="1.0" encoding="UTF-8"?>
<!-- Generated by org.testng.reporters.JUnitReportReporter -->
<testsuite hostname="DESKTOP-OEB471V" failures="0" tests="1" name="reqresREST.validateResponseBody" time="2.067" errors="0" timestamp="2024-03-21T18:08:48 IST" skipped="0">
  <testcase classname="reqresREST.validateResponseBody" name="validateDynamicResponse" time="2.067"/>
</testsuite> <!-- reqresREST.validateResponseBody -->
