<?xml version="1.0" encoding="UTF-8"?>
<!-- Generated by org.testng.reporters.JUnitReportReporter -->
<testsuite hostname="DESKTOP-OEB471V" failures="0" tests="1" name="reqresREST.diffrentWaysToPost" time="2.237" errors="0" timestamp="2024-03-21T22:16:16 IST" skipped="0">
  <testcase classname="reqresREST.diffrentWaysToPost" name="jsonFile" time="2.237"/>
</testsuite> <!-- reqresREST.diffrentWaysToPost -->
