<?xml version="1.0" encoding="UTF-8"?>
<!-- Generated by org.testng.reporters.JUnitReportReporter -->
<testsuite hostname="DESKTOP-OEB471V" failures="0" tests="1" name="withBDD.UpdateProject" time="1.348" errors="0" timestamp="2024-03-21T12:49:39 IST" skipped="0">
  <testcase classname="withBDD.UpdateProject" name="updateProj" time="1.348"/>
</testsuite> <!-- withBDD.UpdateProject -->
