<?xml version="1.0" encoding="UTF-8"?>
<!-- Generated by org.testng.reporters.JUnitReportReporter -->
<testsuite hostname="DESKTOP-OEB471V" failures="0" tests="3" name="dataProvider.DataProviderClass" time="1.896" errors="0" timestamp="2024-03-22T11:18:04 IST" skipped="0">
  <testcase classname="dataProvider.DataProviderClass" name="postWithDataProvider" time="0.076"/>
  <testcase classname="dataProvider.DataProviderClass" name="postWithDataProvider" time="1.734"/>
  <testcase classname="dataProvider.DataProviderClass" name="postWithDataProvider" time="0.086"/>
</testsuite> <!-- dataProvider.DataProviderClass -->
