<?xml version="1.0" encoding="UTF-8"?>
<!-- Generated by org.testng.reporters.JUnitReportReporter -->
<testsuite hostname="DESKTOP-OEB471V" failures="0" tests="1" name="staticResponseBodyValidation.ResponseBodyValidation" time="1.186" errors="0" timestamp="2024-03-21T17:26:22 IST" skipped="0">
  <testcase classname="staticResponseBodyValidation.ResponseBodyValidation" name="timeValidate" time="1.186"/>
</testsuite> <!-- staticResponseBodyValidation.ResponseBodyValidation -->
