<?xml version="1.0" encoding="UTF-8"?>
<!-- Generated by org.testng.reporters.JUnitReportReporter -->
<testsuite hostname="DESKTOP-OEB471V" failures="0" tests="1" name="diffrentWaysToPostRequest.hashMap" time="1.806" errors="0" timestamp="2024-03-21T13:09:19 IST" skipped="0">
  <testcase classname="diffrentWaysToPostRequest.hashMap" name="postWithHashMap" time="1.806"/>
</testsuite> <!-- diffrentWaysToPostRequest.hashMap -->
