<?xml version="1.0" encoding="UTF-8"?>
<!-- Generated by org.testng.reporters.JUnitReportReporter -->
<testsuite hostname="DESKTOP-OEB471V" failures="0" tests="1" name="reqresREST.withoutBDD" time="2.379" errors="0" timestamp="2024-03-21T21:37:58 IST" skipped="0">
  <testcase classname="reqresREST.withoutBDD" name="updateUser" time="2.379"/>
</testsuite> <!-- reqresREST.withoutBDD -->
