<?xml version="1.0" encoding="UTF-8"?>
<!-- Generated by org.testng.reporters.JUnitReportReporter -->
<testsuite hostname="DESKTOP-OEB471V" failures="0" tests="1" name="withBDD.GetSingleProject" time="1.454" errors="0" timestamp="2024-03-21T12:52:20 IST" skipped="0">
  <testcase classname="withBDD.GetSingleProject" name="getSingleProj" time="1.454"/>
</testsuite> <!-- withBDD.GetSingleProject -->
