<?xml version="1.0" encoding="UTF-8"?>
<!-- Generated by org.testng.reporters.JUnitReportReporter -->
<testsuite hostname="DESKTOP-OEB471V" failures="0" tests="1" name="diffrentWaysToPostRequest.jsonobject" time="1.744" errors="0" timestamp="2024-03-21T13:29:40 IST" skipped="0">
  <testcase classname="diffrentWaysToPostRequest.jsonobject" name="postWithJsonObject" time="1.744"/>
</testsuite> <!-- diffrentWaysToPostRequest.jsonobject -->
