<?xml version="1.0" encoding="UTF-8"?>
<!-- Generated by org.testng.reporters.JUnitReportReporter -->
<testsuite hostname="DESKTOP-OEB471V" failures="0" tests="1" name="crudWithoutBDD.postMethod" time="1.377" errors="0" timestamp="2024-03-21T16:14:08 IST" skipped="0">
  <testcase classname="crudWithoutBDD.postMethod" name="createProject" time="1.377"/>
</testsuite> <!-- crudWithoutBDD.postMethod -->
