<?xml version="1.0" encoding="UTF-8"?>
<!-- Generated by org.testng.reporters.JUnitReportReporter -->
<testsuite hostname="DESKTOP-OEB471V" failures="0" tests="1" name="reqresREST.validateResponseBodyStatic" time="2.046" errors="0" timestamp="2024-03-21T17:39:46 IST" skipped="0">
  <testcase classname="reqresREST.validateResponseBodyStatic" name="validateStaticResponse" time="2.046"/>
</testsuite> <!-- reqresREST.validateResponseBodyStatic -->
