<?xml version="1.0" encoding="UTF-8"?>
<!-- Generated by org.testng.reporters.JUnitReportReporter -->
<testsuite hostname="DESKTOP-OEB471V" failures="0" tests="1" name="crudWithoutBDD.DeleteProject" time="1.184" errors="0" timestamp="2024-03-21T12:15:38 IST" skipped="0">
  <testcase classname="crudWithoutBDD.DeleteProject" name="deleteProj" time="1.184"/>
</testsuite> <!-- crudWithoutBDD.DeleteProject -->
