<?xml version="1.0" encoding="UTF-8"?>
<!-- Generated by org.testng.reporters.JUnitReportReporter -->
<testsuite hostname="DESKTOP-OEB471V" failures="0" tests="1" name="crudWithoutBDD.getSingleProject" time="1.195" errors="0" timestamp="2024-03-22T09:56:38 IST" skipped="0">
  <testcase classname="crudWithoutBDD.getSingleProject" name="getSingleProj" time="1.195"/>
</testsuite> <!-- crudWithoutBDD.getSingleProject -->
