<?xml version="1.0" encoding="UTF-8"?>
<!-- Generated by org.testng.reporters.JUnitReportReporter -->
<testsuite hostname="DESKTOP-OEB471V" failures="0" tests="1" name="withBDD.CreateProject" time="1.442" errors="0" timestamp="2024-03-21T12:24:59 IST" skipped="0">
  <testcase classname="withBDD.CreateProject" name="createProject" time="1.442"/>
</testsuite> <!-- withBDD.CreateProject -->
