<?xml version="1.0" encoding="UTF-8"?>
<!-- Generated by org.testng.reporters.JUnitReportReporter -->
<testsuite hostname="DESKTOP-OEB471V" failures="0" tests="1" name="reqresREST.postwithPojoClass" time="2.333" errors="0" timestamp="2024-03-21T22:27:33 IST" skipped="0">
  <testcase classname="reqresREST.postwithPojoClass" name="pojoReq" time="2.333"/>
</testsuite> <!-- reqresREST.postwithPojoClass -->
